<?xml version="1.0" encoding="UTF-8"?>
<!-- Generated by org.testng.reporters.JUnitReportReporter -->
<testsuite skipped="0" hostname="EPINPUNW069E" name="tasks.CalculatorTest" tests="2" failures="0" timestamp="2024-06-02T17:26:36 IST" time="0.022" errors="0">
  <testcase name="divideByNegative" time="0.011" classname="tasks.CalculatorTest"/>
  <testcase name="multiPlyByNegative" time="0.011" classname="tasks.CalculatorTest"/>
</testsuite> <!-- tasks.CalculatorTest -->
